<?xml version="1.0" encoding="UTF-8"?>
<!-- Generated by org.testng.reporters.JUnitXMLReporter -->
<testsuite hostname="NGHXLAPTOP17" failures="0" tests="4" name="Default test" time="2.551" errors="0" timestamp="26 Feb 2022 15:36:34 GMT">
  <testcase classname="com.sddevops.DevOpsProject.NewTest_HX" name="AddProfile" time="0.972"/>
  <testcase classname="com.sddevops.DevOpsProject.NewTest_HX" name="checkProfile" time="0.09"/>
  <testcase classname="com.sddevops.DevOpsProject.NewTest_HX" name="deleteProfile" time="0.066"/>
  <testcase classname="com.sddevops.DevOpsProject.NewTest_HX" name="editProfile" time="0.334"/>
</testsuite> <!-- Default test -->
