<?xml version="1.0" encoding="UTF-8"?>
<!-- Generated by org.testng.reporters.JUnitXMLReporter -->
<testsuite hostname="NGHXLAPTOP17" failures="0" tests="4" name="Default test" time="2.131" errors="0" timestamp="26 Feb 2022 16:52:29 GMT">
  <testcase classname="com.sddevops.DevOpsProject.NewTest_HX" name="AddProfile" time="0.476"/>
  <testcase classname="com.sddevops.DevOpsProject.NewTest_HX" name="checkProfile" time="0.095"/>
  <testcase classname="com.sddevops.DevOpsProject.NewTest_HX" name="deleteProfile" time="0.066"/>
  <testcase classname="com.sddevops.DevOpsProject.NewTest_HX" name="editProfile" time="0.313"/>
</testsuite> <!-- Default test -->
