<?xml version="1.0" encoding="UTF-8"?>
<testng-results total="4" passed="4" failed="0" skipped="0">
  <reporter-output>
  </reporter-output>
  <suite started-at="2022-02-26T15:37:41Z" name="Suite" finished-at="2022-02-26T15:37:44Z" duration-ms="2721">
    <groups>
    </groups>
    <test started-at="2022-02-26T15:37:41Z" name="Test" finished-at="2022-02-26T15:37:44Z" duration-ms="2721">
      <class name="com.sddevops.DevOpsProject.NewTest_HX">
        <test-method is-config="true" signature="beforeTestProfile()[pri:0, instance:com.sddevops.DevOpsProject.NewTest_HX@7ceb3185]" started-at="2022-02-26T23:37:41Z" name="beforeTestProfile" finished-at="2022-02-26T23:37:42Z" duration-ms="1007" status="PASS">
          <reporter-output>
          </reporter-output> 
        </test-method> <!-- beforeTestProfile -->
        <test-method signature="AddProfile()[pri:0, instance:com.sddevops.DevOpsProject.NewTest_HX@7ceb3185]" started-at="2022-02-26T23:37:42Z" name="AddProfile" finished-at="2022-02-26T23:37:43Z" duration-ms="1159" status="PASS">
          <reporter-output>
          </reporter-output>
        </test-method> <!-- AddProfile -->
        <test-method signature="checkProfile()[pri:0, instance:com.sddevops.DevOpsProject.NewTest_HX@7ceb3185]" started-at="2022-02-26T23:37:43Z" name="checkProfile" finished-at="2022-02-26T23:37:43Z" duration-ms="95" status="PASS">
          <reporter-output>
          </reporter-output>
        </test-method> <!-- checkProfile -->
        <test-method signature="deleteProfile()[pri:0, instance:com.sddevops.DevOpsProject.NewTest_HX@7ceb3185]" started-at="2022-02-26T23:37:43Z" name="deleteProfile" finished-at="2022-02-26T23:37:43Z" duration-ms="69" status="PASS">
          <reporter-output>
          </reporter-output>
        </test-method> <!-- deleteProfile -->
        <test-method signature="editProfile()[pri:0, instance:com.sddevops.DevOpsProject.NewTest_HX@7ceb3185]" started-at="2022-02-26T23:37:43Z" name="editProfile" finished-at="2022-02-26T23:37:44Z" duration-ms="332" status="PASS">
          <reporter-output>
          </reporter-output>
        </test-method> <!-- editProfile -->
        <test-method is-config="true" signature="afterTestProfile()[pri:0, instance:com.sddevops.DevOpsProject.NewTest_HX@7ceb3185]" started-at="2022-02-26T23:37:44Z" name="afterTestProfile" finished-at="2022-02-26T23:37:44Z" duration-ms="48" status="PASS">
          <reporter-output>
          </reporter-output>
        </test-method> <!-- afterTestProfile -->
      </class> <!-- com.sddevops.DevOpsProject.NewTest_HX -->
    </test> <!-- Test -->
  </suite> <!-- Suite -->
</testng-results>
